Using pre-set license
Built from '2020.3/staging' branch; Version is '2020.3.38f1 (8f5fde82e2dc) revision 9396190'; Using compiler version '192528614'; Build Type 'Release'
OS: 'Windows 11  (10.0.22000) 64bit Core' Language: 'en' Physical Memory: 11976 MB
BatchMode: 1, IsHumanControllingUs: 0, StartBugReporterOnCrash: 0, Is64bit: 1, IsPro: 0

COMMAND LINE ARGUMENTS:
C:\Program Files\Unity\Hub\Editor\2020.3.38f1\Editor\Unity.exe
-adb2
-batchMode
-noUpm
-name
AssetImportWorker1
-projectPath
C:/Users/bryce/Documents/GitHub/CAGD-377/377MobileGame_Group1
-logFile
Logs/AssetImportWorker1.log
-srvPort
63117
Successfully changed project path to: C:/Users/bryce/Documents/GitHub/CAGD-377/377MobileGame_Group1
C:/Users/bryce/Documents/GitHub/CAGD-377/377MobileGame_Group1
Using Asset Import Pipeline V2.
Refreshing native plugins compatible for Editor in 71.94 ms, found 2 plugins.
Preloading 0 native plugins for Editor in 0.00 ms.
Initialize engine version: 2020.3.38f1 (8f5fde82e2dc)
[Subsystems] Discovering subsystems at path C:/Program Files/Unity/Hub/Editor/2020.3.38f1/Editor/Data/Resources/UnitySubsystems
[Subsystems] Discovering subsystems at path C:/Users/bryce/Documents/GitHub/CAGD-377/377MobileGame_Group1/Assets
GfxDevice: creating device client; threaded=0
Direct3D:
    Version:  Direct3D 11.0 [level 11.1]
    Renderer: Intel(R) UHD Graphics (ID=0x8a56)
    Vendor:   
    VRAM:     5988 MB
    Driver:   27.20.100.8853
Initialize mono
Mono path[0] = 'C:/Program Files/Unity/Hub/Editor/2020.3.38f1/Editor/Data/Managed'
Mono path[1] = 'C:/Program Files/Unity/Hub/Editor/2020.3.38f1/Editor/Data/MonoBleedingEdge/lib/mono/unityjit'
Mono config path = 'C:/Program Files/Unity/Hub/Editor/2020.3.38f1/Editor/Data/MonoBleedingEdge/etc'
Using monoOptions --debugger-agent=transport=dt_socket,embedding=1,server=y,suspend=n,address=127.0.0.1:56284
Begin MonoManager ReloadAssembly
Registering precompiled unity dll's ...
Register platform support module: C:/Program Files/Unity/Hub/Editor/2020.3.38f1/Editor/Data/PlaybackEngines/WindowsStandaloneSupport/UnityEditor.WindowsStandalone.Extensions.dll
Registered in 0.003073 seconds.
Native extension for WindowsStandalone target not found
Refreshing native plugins compatible for Editor in 84.81 ms, found 2 plugins.
Preloading 0 native plugins for Editor in 0.00 ms.
Mono: successfully reloaded assembly
- Completed reload, in  1.520 seconds
Domain Reload Profiling:
	ReloadAssembly (1521ms)
		BeginReloadAssembly (203ms)
			ExecutionOrderSort (0ms)
			DisableScriptedObjects (0ms)
			BackupInstance (0ms)
			ReleaseScriptingObjects (0ms)
			CreateAndSetChildDomain (3ms)
		EndReloadAssembly (1157ms)
			LoadAssemblies (193ms)
			RebuildTransferFunctionScriptingTraits (0ms)
			SetupTypeCache (432ms)
			ReleaseScriptCaches (0ms)
			RebuildScriptCaches (64ms)
			SetupLoadedEditorAssemblies (431ms)
				LogAssemblyErrors (0ms)
				InitializePlatformSupportModulesInManaged (11ms)
				SetLoadedEditorAssemblies (0ms)
				RefreshPlugins (85ms)
				BeforeProcessingInitializeOnLoad (71ms)
				ProcessInitializeOnLoadAttributes (180ms)
				ProcessInitializeOnLoadMethodAttributes (83ms)
				AfterProcessingInitializeOnLoad (0ms)
				EditorAssembliesLoaded (0ms)
			ExecutionOrderSort2 (0ms)
			AwakeInstancesAfterBackupRestoration (0ms)
Platform modules already initialized, skipping
Registering precompiled user dll's ...
Registered in 0.005922 seconds.
Begin MonoManager ReloadAssembly
Native extension for WindowsStandalone target not found
Refreshing native plugins compatible for Editor in 0.42 ms, found 2 plugins.
Preloading 0 native plugins for Editor in 0.00 ms.
Mono: successfully reloaded assembly
- Completed reload, in  2.274 seconds
Domain Reload Profiling:
	ReloadAssembly (2276ms)
		BeginReloadAssembly (341ms)
			ExecutionOrderSort (0ms)
			DisableScriptedObjects (10ms)
			BackupInstance (0ms)
			ReleaseScriptingObjects (0ms)
			CreateAndSetChildDomain (36ms)
		EndReloadAssembly (1809ms)
			LoadAssemblies (213ms)
			RebuildTransferFunctionScriptingTraits (0ms)
			SetupTypeCache (660ms)
			ReleaseScriptCaches (1ms)
			RebuildScriptCaches (87ms)
			SetupLoadedEditorAssemblies (675ms)
				LogAssemblyErrors (0ms)
				InitializePlatformSupportModulesInManaged (9ms)
				SetLoadedEditorAssemblies (1ms)
				RefreshPlugins (1ms)
				BeforeProcessingInitializeOnLoad (209ms)
				ProcessInitializeOnLoadAttributes (423ms)
				ProcessInitializeOnLoadMethodAttributes (21ms)
				AfterProcessingInitializeOnLoad (10ms)
				EditorAssembliesLoaded (1ms)
			ExecutionOrderSort2 (0ms)
			AwakeInstancesAfterBackupRestoration (3ms)
Platform modules already initialized, skipping
========================================================================
Worker process is ready to serve import requests
Launched and connected shader compiler UnityShaderCompiler.exe after 0.13 seconds
Refreshing native plugins compatible for Editor in 0.72 ms, found 2 plugins.
Preloading 0 native plugins for Editor in 0.00 ms.
Unloading 1556 Unused Serialized files (Serialized files now loaded: 0)
System memory in use before: 71.6 MB.
System memory in use after: 71.6 MB.

Unloading 17 unused Assets to reduce memory usage. Loaded Objects now: 1995.
Total: 7.451400 ms (FindLiveObjects: 1.026300 ms CreateObjectMapping: 0.255800 ms MarkObjects: 6.030700 ms  DeleteObjects: 0.135400 ms)

AssetImportParameters requested are different than current active one (requested -> active):
  custom:framework-win-MediaFoundation: 216162199b28c13a410421893ffa2e32 -> 
  custom:video-decoder-ogg-theora: a1e56fd34408186e4bbccfd4996cb3dc -> 
  custom:container-muxer-webm: aa71ff27fc2769a1b78a27578f13a17b -> 
  custom:container-demuxer-webm: 4f35f7cbe854078d1ac9338744f61a02 -> 
  custom:container-demuxer-ogg: 62fdf1f143b41e24485cea50d1cbac27 -> 
  custom:video-encoder-webm-vp8: eb34c28f22e8b96e1ab97ce403110664 -> 
  custom:video-decoder-webm-vp8: 9c59270c3fd7afecdb556c50c9e8de78 -> 
  custom:audio-decoder-ogg-vorbis: bf7c407c2cedff20999df2af8eb42d56 -> 
  custom:audio-encoder-webm-vorbis: bf7c407c2cedff20999df2af8eb42d56 -> 
========================================================================
Received Import Request.
  path: Assets/Textures/FInal Cup Hole_Final Cup Hole_MetallicSmoothness.png
  artifactKey: Guid(67114b0ffce2ec44c8e694d7dc315e09) Importer(815301076,1909f56bfc062723c751e8b465ee728b)
Start importing Assets/Textures/FInal Cup Hole_Final Cup Hole_MetallicSmoothness.png using Guid(67114b0ffce2ec44c8e694d7dc315e09) Importer(815301076,1909f56bfc062723c751e8b465ee728b)  -> (artifact id: '7855a31f8f2954d382be5c4fec3fb055') in 0.297354 seconds 
========================================================================
Received Import Request.
  Time since last request: 0.000674 seconds.
  path: Assets/Textures/Destructible Objects_Destructible Objects_MetallicSmoothness.png
  artifactKey: Guid(bf3af3f08394b9941af91e34a9ab19a2) Importer(815301076,1909f56bfc062723c751e8b465ee728b)
Start importing Assets/Textures/Destructible Objects_Destructible Objects_MetallicSmoothness.png using Guid(bf3af3f08394b9941af91e34a9ab19a2) Importer(815301076,1909f56bfc062723c751e8b465ee728b)  -> (artifact id: '0ea357897b419732c715e9b4f7614f5c') in 0.154692 seconds 
========================================================================
Received Import Request.
  Time since last request: 0.001220 seconds.
  path: Assets/Textures/Destructible Objects 2_Destructible Objects 2_Normal.png
  artifactKey: Guid(2adc9df90269ea3498de26f28b3bb288) Importer(815301076,1909f56bfc062723c751e8b465ee728b)
Start importing Assets/Textures/Destructible Objects 2_Destructible Objects 2_Normal.png using Guid(2adc9df90269ea3498de26f28b3bb288) Importer(815301076,1909f56bfc062723c751e8b465ee728b)  -> (artifact id: 'c6a0a611e45e3618050164213383a171') in 0.272266 seconds 
========================================================================
Received Import Request.
  Time since last request: 0.000485 seconds.
  path: Assets/Textures/Destructible Objects 3_Destructible Objects 3_Normal.png
  artifactKey: Guid(2462956855464da4db28244dbc4c1e0e) Importer(815301076,1909f56bfc062723c751e8b465ee728b)
Start importing Assets/Textures/Destructible Objects 3_Destructible Objects 3_Normal.png using Guid(2462956855464da4db28244dbc4c1e0e) Importer(815301076,1909f56bfc062723c751e8b465ee728b)  -> (artifact id: '72f848cb461d9ff175d63877ad00c52c') in 0.197887 seconds 
========================================================================
Received Import Request.
  Time since last request: 0.000700 seconds.
  path: Assets/Textures/Ground Cieling_Ground Cieling_Emission.png
  artifactKey: Guid(45192d005c62d50499a14e2a90e26a13) Importer(815301076,1909f56bfc062723c751e8b465ee728b)
Start importing Assets/Textures/Ground Cieling_Ground Cieling_Emission.png using Guid(45192d005c62d50499a14e2a90e26a13) Importer(815301076,1909f56bfc062723c751e8b465ee728b)  -> (artifact id: '8308e070435a2a5fd973d6fc6c27d347') in 0.179978 seconds 
========================================================================
Received Import Request.
  Time since last request: 0.000621 seconds.
  path: Assets/Textures/Buildings_Buildings_Emission.png
  artifactKey: Guid(e5e66242105496241a363971b27c36dc) Importer(815301076,1909f56bfc062723c751e8b465ee728b)
Start importing Assets/Textures/Buildings_Buildings_Emission.png using Guid(e5e66242105496241a363971b27c36dc) Importer(815301076,1909f56bfc062723c751e8b465ee728b)  -> (artifact id: 'c5b49da06d13a0d6c5344224bfce7f2f') in 0.128261 seconds 
========================================================================
Received Import Request.
  Time since last request: 0.000347 seconds.
  path: Assets/Textures/Coin_Coin 2_MetallicSmoothness.png
  artifactKey: Guid(6de8b8c84b08a6f46b005187d8d15a38) Importer(815301076,1909f56bfc062723c751e8b465ee728b)
Start importing Assets/Textures/Coin_Coin 2_MetallicSmoothness.png using Guid(6de8b8c84b08a6f46b005187d8d15a38) Importer(815301076,1909f56bfc062723c751e8b465ee728b)  -> (artifact id: 'be7122a7d24931f045879f8feac77e10') in 0.150294 seconds 
========================================================================
Received Import Request.
  Time since last request: 0.000246 seconds.
  path: Assets/Textures/Buildings_Buildings_Normal.png
  artifactKey: Guid(a4b33a62017c09142ba1258452987d16) Importer(815301076,1909f56bfc062723c751e8b465ee728b)
Start importing Assets/Textures/Buildings_Buildings_Normal.png using Guid(a4b33a62017c09142ba1258452987d16) Importer(815301076,1909f56bfc062723c751e8b465ee728b)  -> (artifact id: '2e41257ce7fbe6afddd396d725825300') in 0.141541 seconds 
========================================================================
Received Import Request.
  Time since last request: 0.000327 seconds.
  path: Assets/Textures/Destructible Objects 3_Destructible Objects 3_AlbedoTransparency.png
  artifactKey: Guid(8b8649f60fda8074d90e711fe373a57d) Importer(815301076,1909f56bfc062723c751e8b465ee728b)
Start importing Assets/Textures/Destructible Objects 3_Destructible Objects 3_AlbedoTransparency.png using Guid(8b8649f60fda8074d90e711fe373a57d) Importer(815301076,1909f56bfc062723c751e8b465ee728b)  -> (artifact id: 'cbc68d73159e72c401af7bcad240ce6c') in 0.162488 seconds 
========================================================================
Received Import Request.
  Time since last request: 0.000516 seconds.
  path: Assets/Textures/Airplane_Airplane_Emission.png
  artifactKey: Guid(326c29789b8081f4bbd54c5655b7ae6a) Importer(815301076,1909f56bfc062723c751e8b465ee728b)
Start importing Assets/Textures/Airplane_Airplane_Emission.png using Guid(326c29789b8081f4bbd54c5655b7ae6a) Importer(815301076,1909f56bfc062723c751e8b465ee728b)  -> (artifact id: '6166838f89bbab38b3073d747c529bc6') in 0.131656 seconds 
========================================================================
Received Import Request.
  Time since last request: 0.000334 seconds.
  path: Assets/Textures/Destructible Objects 3_Destructible Objects 3_Emission.png
  artifactKey: Guid(059662a69fda31846b49acec7a6bb356) Importer(815301076,1909f56bfc062723c751e8b465ee728b)
Start importing Assets/Textures/Destructible Objects 3_Destructible Objects 3_Emission.png using Guid(059662a69fda31846b49acec7a6bb356) Importer(815301076,1909f56bfc062723c751e8b465ee728b)  -> (artifact id: '065d8771171b8b8d9976397301cae48b') in 0.133044 seconds 
========================================================================
Received Import Request.
  Time since last request: 0.000781 seconds.
  path: Assets/Textures/Car_Car_Normal.png
  artifactKey: Guid(eceda9f2103d9b741a72cc8356644e5e) Importer(815301076,1909f56bfc062723c751e8b465ee728b)
Start importing Assets/Textures/Car_Car_Normal.png using Guid(eceda9f2103d9b741a72cc8356644e5e) Importer(815301076,1909f56bfc062723c751e8b465ee728b)  -> (artifact id: 'ee30d15443a746dfc14baf4f42163494') in 0.118658 seconds 
========================================================================
Received Import Request.
  Time since last request: 0.000462 seconds.
  path: Assets/Textures/FInal Cup Hole_Final Cup Hole_AlbedoTransparency.png
  artifactKey: Guid(a0f1e3a1a084dad4d83a8a3eb7506760) Importer(815301076,1909f56bfc062723c751e8b465ee728b)
Start importing Assets/Textures/FInal Cup Hole_Final Cup Hole_AlbedoTransparency.png using Guid(a0f1e3a1a084dad4d83a8a3eb7506760) Importer(815301076,1909f56bfc062723c751e8b465ee728b)  -> (artifact id: '7bd409036b06e3e787b08f7bdea96b9a') in 0.178570 seconds 
========================================================================
Received Import Request.
  Time since last request: 0.000695 seconds.
  path: Assets/Textures/Destructible Objects 2_Destructible Objects 2_MetallicSmoothness.png
  artifactKey: Guid(86673dcd902d76f49950f69a6266f086) Importer(815301076,1909f56bfc062723c751e8b465ee728b)
Start importing Assets/Textures/Destructible Objects 2_Destructible Objects 2_MetallicSmoothness.png using Guid(86673dcd902d76f49950f69a6266f086) Importer(815301076,1909f56bfc062723c751e8b465ee728b)  -> (artifact id: 'f360a36a6381726cba4f54a74fa49f55') in 0.123324 seconds 
========================================================================
Received Import Request.
  Time since last request: 0.000318 seconds.
  path: Assets/Textures/Background Windows_Background Window_AlbedoTransparency.png
  artifactKey: Guid(74e66920fd375854b856d7a192f31953) Importer(815301076,1909f56bfc062723c751e8b465ee728b)
Start importing Assets/Textures/Background Windows_Background Window_AlbedoTransparency.png using Guid(74e66920fd375854b856d7a192f31953) Importer(815301076,1909f56bfc062723c751e8b465ee728b)  -> (artifact id: 'ddc014478cc567dfe961c0d2692d827b') in 0.230080 seconds 
========================================================================
Received Import Request.
  Time since last request: 0.000340 seconds.
  path: Assets/Textures/Background Windows_Background Window_MetallicSmoothness.png
  artifactKey: Guid(9bcdaecf1844c544bb58aebd0fe36640) Importer(815301076,1909f56bfc062723c751e8b465ee728b)
Start importing Assets/Textures/Background Windows_Background Window_MetallicSmoothness.png using Guid(9bcdaecf1844c544bb58aebd0fe36640) Importer(815301076,1909f56bfc062723c751e8b465ee728b)  -> (artifact id: 'b806b0376bda38f9e575e52094b65741') in 0.189231 seconds 
========================================================================
Received Import Request.
  Time since last request: 0.000409 seconds.
  path: Assets/Textures/Boulders_Boulders_MetallicSmoothness.png
  artifactKey: Guid(c0337e5243d047d4a9ead3af2ad184aa) Importer(815301076,1909f56bfc062723c751e8b465ee728b)
Start importing Assets/Textures/Boulders_Boulders_MetallicSmoothness.png using Guid(c0337e5243d047d4a9ead3af2ad184aa) Importer(815301076,1909f56bfc062723c751e8b465ee728b)  -> (artifact id: '4a16df2d7255134672c30df341c3627f') in 0.173947 seconds 
========================================================================
Received Import Request.
  Time since last request: 0.000338 seconds.
  path: Assets/Textures/Car_Car_MetallicSmoothness.png
  artifactKey: Guid(e6c26084dd715a24b919c25ddf26b15b) Importer(815301076,1909f56bfc062723c751e8b465ee728b)
Start importing Assets/Textures/Car_Car_MetallicSmoothness.png using Guid(e6c26084dd715a24b919c25ddf26b15b) Importer(815301076,1909f56bfc062723c751e8b465ee728b)  -> (artifact id: '731c06de64399ab5b2067ecfda418c52') in 0.177699 seconds 
========================================================================
Received Import Request.
  Time since last request: 0.000384 seconds.
  path: Assets/Textures/Airplane_Airplane_MetallicSmoothness.png
  artifactKey: Guid(863af1d33c1d25d4fb1df610ab13fd03) Importer(815301076,1909f56bfc062723c751e8b465ee728b)
Start importing Assets/Textures/Airplane_Airplane_MetallicSmoothness.png using Guid(863af1d33c1d25d4fb1df610ab13fd03) Importer(815301076,1909f56bfc062723c751e8b465ee728b)  -> (artifact id: '077c080aed6b4a5272d97a1efc0321c5') in 0.167088 seconds 
========================================================================
Received Import Request.
  Time since last request: 0.000753 seconds.
  path: Assets/Textures/FInal Cup Hole_Final Cup Hole_Emission.png
  artifactKey: Guid(519d6fa331f43204f985b4956f954e56) Importer(815301076,1909f56bfc062723c751e8b465ee728b)
Start importing Assets/Textures/FInal Cup Hole_Final Cup Hole_Emission.png using Guid(519d6fa331f43204f985b4956f954e56) Importer(815301076,1909f56bfc062723c751e8b465ee728b)  -> (artifact id: '6200171f6982ba05049c11086813d481') in 0.115159 seconds 
========================================================================
Received Import Request.
  Time since last request: 0.000338 seconds.
  path: Assets/Textures/Destructible Objects 2_Destructible Objects 2_AlbedoTransparency.png
  artifactKey: Guid(ecb833c87f25be14398de2b3c28b6166) Importer(815301076,1909f56bfc062723c751e8b465ee728b)
Start importing Assets/Textures/Destructible Objects 2_Destructible Objects 2_AlbedoTransparency.png using Guid(ecb833c87f25be14398de2b3c28b6166) Importer(815301076,1909f56bfc062723c751e8b465ee728b)  -> (artifact id: '6d793f97d9f81f3ec551e625c0e3a7e0') in 0.142596 seconds 
========================================================================
Received Import Request.
  Time since last request: 0.000362 seconds.
  path: Assets/Textures/Ground Cieling_Ground Cieling_AlbedoTransparency.png
  artifactKey: Guid(97f0aeb3182d7744d9cc700504ec4f44) Importer(815301076,1909f56bfc062723c751e8b465ee728b)
Start importing Assets/Textures/Ground Cieling_Ground Cieling_AlbedoTransparency.png using Guid(97f0aeb3182d7744d9cc700504ec4f44) Importer(815301076,1909f56bfc062723c751e8b465ee728b)  -> (artifact id: '25217d6e44c0dda5cee774e5b6bb3b90') in 0.141056 seconds 
========================================================================
Received Import Request.
  Time since last request: 0.000458 seconds.
  path: Assets/Textures/Coin_Coin 2_Emission.png
  artifactKey: Guid(c25af12cb7ffbf244b4f8f32c7365c49) Importer(815301076,1909f56bfc062723c751e8b465ee728b)
Start importing Assets/Textures/Coin_Coin 2_Emission.png using Guid(c25af12cb7ffbf244b4f8f32c7365c49) Importer(815301076,1909f56bfc062723c751e8b465ee728b)  -> (artifact id: 'e9ba515f46c753593e2fbf5bb816719c') in 0.233831 seconds 
========================================================================
Received Import Request.
  Time since last request: 0.000420 seconds.
  path: Assets/Textures/Coin_Coin 1_AlbedoTransparency.png
  artifactKey: Guid(c727759ccab2fa641bd28a009b1a8dc5) Importer(815301076,1909f56bfc062723c751e8b465ee728b)
Start importing Assets/Textures/Coin_Coin 1_AlbedoTransparency.png using Guid(c727759ccab2fa641bd28a009b1a8dc5) Importer(815301076,1909f56bfc062723c751e8b465ee728b)  -> (artifact id: '03080b7ba10f1527d2e4e5e6b84bad9f') in 0.167043 seconds 
========================================================================
Received Import Request.
  Time since last request: 0.000942 seconds.
  path: Assets/Textures/Destructible Objects 4_Destructible Objects 4_AlbedoTransparency.png
  artifactKey: Guid(05a505f16f280f5458b8bb40e49d34eb) Importer(815301076,1909f56bfc062723c751e8b465ee728b)
Start importing Assets/Textures/Destructible Objects 4_Destructible Objects 4_AlbedoTransparency.png using Guid(05a505f16f280f5458b8bb40e49d34eb) Importer(815301076,1909f56bfc062723c751e8b465ee728b)  -> (artifact id: '537d0a2d53553b9235ac17d6b08bbb98') in 0.539401 seconds 
========================================================================
Received Import Request.
  Time since last request: 0.000450 seconds.
  path: Assets/Textures/Airplane_Airplane_AlbedoTransparency 1.png
  artifactKey: Guid(237b3f16a3f55254d9501b64cea69369) Importer(815301076,1909f56bfc062723c751e8b465ee728b)
Start importing Assets/Textures/Airplane_Airplane_AlbedoTransparency 1.png using Guid(237b3f16a3f55254d9501b64cea69369) Importer(815301076,1909f56bfc062723c751e8b465ee728b)  -> (artifact id: '09154ef199d17511efd4df4435594463') in 0.172672 seconds 
========================================================================
Received Import Request.
  Time since last request: 0.000454 seconds.
  path: Assets/Textures/Boulders_Boulders_AlbedoTransparency.png
  artifactKey: Guid(406c02351be1e9e4ba40dd4ae31e7d71) Importer(815301076,1909f56bfc062723c751e8b465ee728b)
Start importing Assets/Textures/Boulders_Boulders_AlbedoTransparency.png using Guid(406c02351be1e9e4ba40dd4ae31e7d71) Importer(815301076,1909f56bfc062723c751e8b465ee728b)  -> (artifact id: '0a14ded020ac9fc96a202c426f891e8b') in 0.219086 seconds 
========================================================================
Received Import Request.
  Time since last request: 0.000295 seconds.
  path: Assets/Textures/Boulders_Boulders_Emission.png
  artifactKey: Guid(8d88f060930991647bbd9eca201f36ef) Importer(815301076,1909f56bfc062723c751e8b465ee728b)
Start importing Assets/Textures/Boulders_Boulders_Emission.png using Guid(8d88f060930991647bbd9eca201f36ef) Importer(815301076,1909f56bfc062723c751e8b465ee728b)  -> (artifact id: 'c6ebdb1fad671a7b170ebe4723eaccd0') in 0.111552 seconds 
========================================================================
Received Import Request.
  Time since last request: 0.000524 seconds.
  path: Assets/Textures/Destructible Objects 2_Destructible Objects 2_Emission.png
  artifactKey: Guid(506755d04798ea945809f12d1bdb7a7b) Importer(815301076,1909f56bfc062723c751e8b465ee728b)
Start importing Assets/Textures/Destructible Objects 2_Destructible Objects 2_Emission.png using Guid(506755d04798ea945809f12d1bdb7a7b) Importer(815301076,1909f56bfc062723c751e8b465ee728b)  -> (artifact id: 'ce1c8717887aed3f899f6b77b2205d3d') in 0.102182 seconds 
========================================================================
Received Import Request.
  Time since last request: 0.000417 seconds.
  path: Assets/Textures/Destructible Objects 3_Destructible Objects 3_MetallicSmoothness.png
  artifactKey: Guid(f79f5e4665273a94090fe48bb68dcbdc) Importer(815301076,1909f56bfc062723c751e8b465ee728b)
Start importing Assets/Textures/Destructible Objects 3_Destructible Objects 3_MetallicSmoothness.png using Guid(f79f5e4665273a94090fe48bb68dcbdc) Importer(815301076,1909f56bfc062723c751e8b465ee728b)  -> (artifact id: 'ea7e59deb8ea8930022dc39be14a1daf') in 0.164831 seconds 
========================================================================
Received Import Request.
  Time since last request: 0.000382 seconds.
  path: Assets/Textures/Background Windows_Background Window_Normal.png
  artifactKey: Guid(1f5c9060944027c4797c2de2daab1dcb) Importer(815301076,1909f56bfc062723c751e8b465ee728b)
Start importing Assets/Textures/Background Windows_Background Window_Normal.png using Guid(1f5c9060944027c4797c2de2daab1dcb) Importer(815301076,1909f56bfc062723c751e8b465ee728b)  -> (artifact id: '08fe104b6e7ea53c54b638a6cb4319ac') in 0.313352 seconds 
========================================================================
Received Import Request.
  Time since last request: 0.000394 seconds.
  path: Assets/Textures/Coin_Coin 1_Normal.png
  artifactKey: Guid(094de10f06cc11144a62482fa58fa71c) Importer(815301076,1909f56bfc062723c751e8b465ee728b)
Start importing Assets/Textures/Coin_Coin 1_Normal.png using Guid(094de10f06cc11144a62482fa58fa71c) Importer(815301076,1909f56bfc062723c751e8b465ee728b)  -> (artifact id: '2256f2867137eb9749cf7e55a1d61e6a') in 0.203756 seconds 
========================================================================
Received Import Request.
  Time since last request: 0.000642 seconds.
  path: Assets/Textures/Destructible Objects 4_Destructible Objects 4_Emission.png
  artifactKey: Guid(eef478d634144f54a8a9ec1e6c8c4f7c) Importer(815301076,1909f56bfc062723c751e8b465ee728b)
Start importing Assets/Textures/Destructible Objects 4_Destructible Objects 4_Emission.png using Guid(eef478d634144f54a8a9ec1e6c8c4f7c) Importer(815301076,1909f56bfc062723c751e8b465ee728b)  -> (artifact id: '8ca990e76782269093100f7733c088f1') in 0.228503 seconds 
========================================================================
Received Import Request.
  Time since last request: 0.000457 seconds.
  path: Assets/Textures/FInal Cup Hole_Final Cup Hole_Normal.png
  artifactKey: Guid(bd2706612b063814887efc47117b8e69) Importer(815301076,1909f56bfc062723c751e8b465ee728b)
Start importing Assets/Textures/FInal Cup Hole_Final Cup Hole_Normal.png using Guid(bd2706612b063814887efc47117b8e69) Importer(815301076,1909f56bfc062723c751e8b465ee728b)  -> (artifact id: 'e3096623eeb8f54908ef479ecb99229c') in 0.133952 seconds 
========================================================================
Received Import Request.
  Time since last request: 0.000573 seconds.
  path: Assets/Textures/Buildings_Buildings_AlbedoTransparency.png
  artifactKey: Guid(375120f691395484d8383488c9561f9b) Importer(815301076,1909f56bfc062723c751e8b465ee728b)
Start importing Assets/Textures/Buildings_Buildings_AlbedoTransparency.png using Guid(375120f691395484d8383488c9561f9b) Importer(815301076,1909f56bfc062723c751e8b465ee728b)  -> (artifact id: '35afb7211f25947c66f9bedfcb3069e6') in 0.153091 seconds 
========================================================================
Received Import Request.
  Time since last request: 0.000496 seconds.
  path: Assets/Textures/Airplane_Airplane_Normal.png
  artifactKey: Guid(72ddbcafa254e244db04f472d176e28e) Importer(815301076,1909f56bfc062723c751e8b465ee728b)
Start importing Assets/Textures/Airplane_Airplane_Normal.png using Guid(72ddbcafa254e244db04f472d176e28e) Importer(815301076,1909f56bfc062723c751e8b465ee728b)  -> (artifact id: 'e9c06c1ba7c24421b4b4f75672040397') in 0.155030 seconds 
========================================================================
Received Import Request.
  Time since last request: 0.000547 seconds.
  path: Assets/Textures/Background Windows_Background Window_Emission.png
  artifactKey: Guid(f98dfc54b832ab14081c02e356950dff) Importer(815301076,1909f56bfc062723c751e8b465ee728b)
Start importing Assets/Textures/Background Windows_Background Window_Emission.png using Guid(f98dfc54b832ab14081c02e356950dff) Importer(815301076,1909f56bfc062723c751e8b465ee728b)  -> (artifact id: 'bd8f5b2f8f2ec69f7191f9298bbfe4f6') in 0.158262 seconds 
========================================================================
Received Import Request.
  Time since last request: 0.000912 seconds.
  path: Assets/Textures/Destructible Objects 4_Destructible Objects 4_MetallicSmoothness.png
  artifactKey: Guid(53d85e393cc7d9545978eb775b96959b) Importer(815301076,1909f56bfc062723c751e8b465ee728b)
Start importing Assets/Textures/Destructible Objects 4_Destructible Objects 4_MetallicSmoothness.png using Guid(53d85e393cc7d9545978eb775b96959b) Importer(815301076,1909f56bfc062723c751e8b465ee728b)  -> (artifact id: '97190f1df8acb58eb4205ae529b373fe') in 0.190353 seconds 
========================================================================
Received Import Request.
  Time since last request: 0.000598 seconds.
  path: Assets/Textures/Coin_Coin 1_MetallicSmoothness.png
  artifactKey: Guid(e29e910efc96d7b4bb1f69977b21af2e) Importer(815301076,1909f56bfc062723c751e8b465ee728b)
Start importing Assets/Textures/Coin_Coin 1_MetallicSmoothness.png using Guid(e29e910efc96d7b4bb1f69977b21af2e) Importer(815301076,1909f56bfc062723c751e8b465ee728b)  -> (artifact id: '1c98222214d4df28c350967237a190cc') in 0.209454 seconds 
========================================================================
Received Import Request.
  Time since last request: 0.000561 seconds.
  path: Assets/Textures/Coin_Coin 2_AlbedoTransparency.png
  artifactKey: Guid(f82d14247f09a784b8fe65a992a5a49a) Importer(815301076,1909f56bfc062723c751e8b465ee728b)
Start importing Assets/Textures/Coin_Coin 2_AlbedoTransparency.png using Guid(f82d14247f09a784b8fe65a992a5a49a) Importer(815301076,1909f56bfc062723c751e8b465ee728b)  -> (artifact id: '2e8b8e842cd6b22791294154c4645b42') in 0.145003 seconds 
========================================================================
Received Import Request.
  Time since last request: 0.000507 seconds.
  path: Assets/Textures/Destructible Objects 4_Destructible Objects 4_Normal.png
  artifactKey: Guid(1b2290d245852f44c9b9c73da76a6a40) Importer(815301076,1909f56bfc062723c751e8b465ee728b)
Start importing Assets/Textures/Destructible Objects 4_Destructible Objects 4_Normal.png using Guid(1b2290d245852f44c9b9c73da76a6a40) Importer(815301076,1909f56bfc062723c751e8b465ee728b)  -> (artifact id: 'acc638c62c9dde7bcafdad978938a63e') in 0.150904 seconds 
========================================================================
Received Import Request.
  Time since last request: 0.000398 seconds.
  path: Assets/Textures/Destructible Objects_Destructible Objects_AlbedoTransparency.png
  artifactKey: Guid(737fc705aa3366d4aa0fb477a4486965) Importer(815301076,1909f56bfc062723c751e8b465ee728b)
Start importing Assets/Textures/Destructible Objects_Destructible Objects_AlbedoTransparency.png using Guid(737fc705aa3366d4aa0fb477a4486965) Importer(815301076,1909f56bfc062723c751e8b465ee728b)  -> (artifact id: '4322237b76274d7ac5cc5ac638fe4d69') in 0.113633 seconds 
========================================================================
Received Import Request.
  Time since last request: 0.000668 seconds.
  path: Assets/Textures/Destructible Objects_Destructible Objects_Emission.png
  artifactKey: Guid(06b1360d0b3377b42987d60152662476) Importer(815301076,1909f56bfc062723c751e8b465ee728b)
Start importing Assets/Textures/Destructible Objects_Destructible Objects_Emission.png using Guid(06b1360d0b3377b42987d60152662476) Importer(815301076,1909f56bfc062723c751e8b465ee728b)  -> (artifact id: 'a4e9523bebd6b34dfcb7336317c3af06') in 0.131100 seconds 
========================================================================
Received Import Request.
  Time since last request: 0.000537 seconds.
  path: Assets/Textures/Buildings_Buildings_MetallicSmoothness.png
  artifactKey: Guid(180bf0ce0bbff494dbcfdd045ca2b03e) Importer(815301076,1909f56bfc062723c751e8b465ee728b)
Start importing Assets/Textures/Buildings_Buildings_MetallicSmoothness.png using Guid(180bf0ce0bbff494dbcfdd045ca2b03e) Importer(815301076,1909f56bfc062723c751e8b465ee728b)  -> (artifact id: 'e10f02dc3f001a7cf114de73451c5c4b') in 0.173857 seconds 
========================================================================
Received Import Request.
  Time since last request: 0.000482 seconds.
  path: Assets/Textures/Car_Car_Emission.png
  artifactKey: Guid(834d13fef7fe6e047ad2951e2a3bed63) Importer(815301076,1909f56bfc062723c751e8b465ee728b)
Start importing Assets/Textures/Car_Car_Emission.png using Guid(834d13fef7fe6e047ad2951e2a3bed63) Importer(815301076,1909f56bfc062723c751e8b465ee728b)  -> (artifact id: '31a8f233629085f9799257398d05981c') in 0.110235 seconds 
========================================================================
Received Import Request.
  Time since last request: 0.000553 seconds.
  path: Assets/Textures/Boulders_Boulders_Normal.png
  artifactKey: Guid(2da82a83ba8d7fe40bafe9410d0946cf) Importer(815301076,1909f56bfc062723c751e8b465ee728b)
Start importing Assets/Textures/Boulders_Boulders_Normal.png using Guid(2da82a83ba8d7fe40bafe9410d0946cf) Importer(815301076,1909f56bfc062723c751e8b465ee728b)  -> (artifact id: 'a6c909c508996b9e01457d6d7dfdf7ea') in 0.127238 seconds 
========================================================================
Received Import Request.
  Time since last request: 0.000620 seconds.
  path: Assets/Textures/Ground Cieling_Ground Cieling_Normal.png
  artifactKey: Guid(352175df6b36f4a4e89c25871f21aac0) Importer(815301076,1909f56bfc062723c751e8b465ee728b)
Start importing Assets/Textures/Ground Cieling_Ground Cieling_Normal.png using Guid(352175df6b36f4a4e89c25871f21aac0) Importer(815301076,1909f56bfc062723c751e8b465ee728b)  -> (artifact id: '1a2e61d07e93d8032dc28c070d727a88') in 0.119246 seconds 
========================================================================
Received Import Request.
  Time since last request: 0.000796 seconds.
  path: Assets/Textures/Coin_Coin 2_Normal.png
  artifactKey: Guid(94a4b3fd3506c514db05d9f6b585768e) Importer(815301076,1909f56bfc062723c751e8b465ee728b)
Start importing Assets/Textures/Coin_Coin 2_Normal.png using Guid(94a4b3fd3506c514db05d9f6b585768e) Importer(815301076,1909f56bfc062723c751e8b465ee728b)  -> (artifact id: 'a40f235e45e724ba0f8cc50696da91c9') in 0.137729 seconds 
========================================================================
Received Import Request.
  Time since last request: 0.000855 seconds.
  path: Assets/Textures/Coin_Coin 1_Emission.png
  artifactKey: Guid(91d2876a7936f7e43a36e28f43e46132) Importer(815301076,1909f56bfc062723c751e8b465ee728b)
Start importing Assets/Textures/Coin_Coin 1_Emission.png using Guid(91d2876a7936f7e43a36e28f43e46132) Importer(815301076,1909f56bfc062723c751e8b465ee728b)  -> (artifact id: '04aaa1d5c60ca349dac4a754a13cd4aa') in 0.256383 seconds 
========================================================================
Received Import Request.
  Time since last request: 0.000525 seconds.
  path: Assets/Textures/Car_Car_AlbedoTransparency.png
  artifactKey: Guid(36168c2825a772b4fb94cb320e3b193d) Importer(815301076,1909f56bfc062723c751e8b465ee728b)
Start importing Assets/Textures/Car_Car_AlbedoTransparency.png using Guid(36168c2825a772b4fb94cb320e3b193d) Importer(815301076,1909f56bfc062723c751e8b465ee728b)  -> (artifact id: '4e460c8324e47370721e086835f90ea1') in 0.145274 seconds 
========================================================================
Received Import Request.
  Time since last request: 0.000438 seconds.
  path: Assets/Textures/Hills_Hills_AlbedoTransparency.png
  artifactKey: Guid(067dc842a9d49a84f8d4fef70983bde0) Importer(815301076,1909f56bfc062723c751e8b465ee728b)
Start importing Assets/Textures/Hills_Hills_AlbedoTransparency.png using Guid(067dc842a9d49a84f8d4fef70983bde0) Importer(815301076,1909f56bfc062723c751e8b465ee728b)  -> (artifact id: '12ed1f741b75d26c22d41e5667b491e4') in 0.146880 seconds 
========================================================================
Received Import Request.
  Time since last request: 0.000494 seconds.
  path: Assets/Textures/Destructible Objects_Destructible Objects_Normal.png
  artifactKey: Guid(ab026e05dfb91d940a1d41566f0cf092) Importer(815301076,1909f56bfc062723c751e8b465ee728b)
Start importing Assets/Textures/Destructible Objects_Destructible Objects_Normal.png using Guid(ab026e05dfb91d940a1d41566f0cf092) Importer(815301076,1909f56bfc062723c751e8b465ee728b)  -> (artifact id: 'a8516fc9f617f6ef982fa37110cc942c') in 0.149449 seconds 
========================================================================
Received Import Request.
  Time since last request: 0.006511 seconds.
  path: Assets/Textures/Ground Cieling_Ground Cieling_MetallicSmoothness.png
  artifactKey: Guid(ea41059ebbc3b3d4eb03cb7771e8b68f) Importer(815301076,1909f56bfc062723c751e8b465ee728b)
Start importing Assets/Textures/Ground Cieling_Ground Cieling_MetallicSmoothness.png using Guid(ea41059ebbc3b3d4eb03cb7771e8b68f) Importer(815301076,1909f56bfc062723c751e8b465ee728b)  -> (artifact id: 'db191f15b3d6bc148f82d8071b5d88c8') in 0.230662 seconds 
========================================================================
Received Prepare
Refreshing native plugins compatible for Editor in 4.83 ms, found 2 plugins.
Preloading 0 native plugins for Editor in 0.00 ms.
Unloading 10 Unused Serialized files (Serialized files now loaded: 0)
System memory in use before: 44.2 MB.
System memory in use after: 44.2 MB.

Unloading 10 unused Assets to reduce memory usage. Loaded Objects now: 2001.
Total: 6.837600 ms (FindLiveObjects: 0.179500 ms CreateObjectMapping: 0.055100 ms MarkObjects: 6.471100 ms  DeleteObjects: 0.129800 ms)

AssetImportParameters requested are different than current active one (requested -> active):
  custom:framework-win-MediaFoundation: 216162199b28c13a410421893ffa2e32 -> 
  custom:video-decoder-ogg-theora: a1e56fd34408186e4bbccfd4996cb3dc -> 
  custom:container-muxer-webm: aa71ff27fc2769a1b78a27578f13a17b -> 
  custom:container-demuxer-webm: 4f35f7cbe854078d1ac9338744f61a02 -> 
  custom:container-demuxer-ogg: 62fdf1f143b41e24485cea50d1cbac27 -> 
  custom:video-encoder-webm-vp8: eb34c28f22e8b96e1ab97ce403110664 -> 
  custom:video-decoder-webm-vp8: 9c59270c3fd7afecdb556c50c9e8de78 -> 
  custom:audio-decoder-ogg-vorbis: bf7c407c2cedff20999df2af8eb42d56 -> 
  custom:audio-encoder-webm-vorbis: bf7c407c2cedff20999df2af8eb42d56 -> 
AssetImportWorkerClient::OnTransportError - code=2 error=End of file
