Using pre-set license
Built from '2020.3/staging' branch; Version is '2020.3.38f1 (8f5fde82e2dc) revision 9396190'; Using compiler version '192528614'; Build Type 'Release'
OS: 'Windows 10  (10.0.19045) 64bit Core' Language: 'en' Physical Memory: 16252 MB
BatchMode: 1, IsHumanControllingUs: 0, StartBugReporterOnCrash: 0, Is64bit: 1, IsPro: 0

COMMAND LINE ARGUMENTS:
C:\Program Files\Unity\Hub\Editor\2020.3.38f1\Editor\Unity.exe
-adb2
-batchMode
-noUpm
-name
AssetImportWorker0
-projectPath
C:/Users/Troll Emperor/Documents/GitHub/CAGD-377/377MobileGame_Group1
-logFile
Logs/AssetImportWorker0.log
-srvPort
58433
Successfully changed project path to: C:/Users/Troll Emperor/Documents/GitHub/CAGD-377/377MobileGame_Group1
C:/Users/Troll Emperor/Documents/GitHub/CAGD-377/377MobileGame_Group1
Using Asset Import Pipeline V2.
Refreshing native plugins compatible for Editor in 45.47 ms, found 2 plugins.
Preloading 0 native plugins for Editor in 0.00 ms.
Initialize engine version: 2020.3.38f1 (8f5fde82e2dc)
[Subsystems] Discovering subsystems at path C:/Program Files/Unity/Hub/Editor/2020.3.38f1/Editor/Data/Resources/UnitySubsystems
[Subsystems] Discovering subsystems at path C:/Users/Troll Emperor/Documents/GitHub/CAGD-377/377MobileGame_Group1/Assets
GfxDevice: creating device client; threaded=0
Direct3D:
    Version:  Direct3D 11.0 [level 11.1]
    Renderer: NVIDIA GeForce GTX 1050 Ti (ID=0x1c8c)
    Vendor:   
    VRAM:     4019 MB
    Driver:   31.0.15.3179
Initialize mono
Mono path[0] = 'C:/Program Files/Unity/Hub/Editor/2020.3.38f1/Editor/Data/Managed'
Mono path[1] = 'C:/Program Files/Unity/Hub/Editor/2020.3.38f1/Editor/Data/MonoBleedingEdge/lib/mono/unityjit'
Mono config path = 'C:/Program Files/Unity/Hub/Editor/2020.3.38f1/Editor/Data/MonoBleedingEdge/etc'
Using monoOptions --debugger-agent=transport=dt_socket,embedding=1,server=y,suspend=n,address=127.0.0.1:56988
Begin MonoManager ReloadAssembly
Registering precompiled unity dll's ...
Register platform support module: C:/Program Files/Unity/Hub/Editor/2020.3.38f1/Editor/Data/PlaybackEngines/WindowsStandaloneSupport/UnityEditor.WindowsStandalone.Extensions.dll
Registered in 0.003798 seconds.
Native extension for WindowsStandalone target not found
Refreshing native plugins compatible for Editor in 46.93 ms, found 2 plugins.
Preloading 0 native plugins for Editor in 0.00 ms.
Mono: successfully reloaded assembly
- Completed reload, in  0.798 seconds
Domain Reload Profiling:
	ReloadAssembly (799ms)
		BeginReloadAssembly (95ms)
			ExecutionOrderSort (0ms)
			DisableScriptedObjects (0ms)
			BackupInstance (0ms)
			ReleaseScriptingObjects (0ms)
			CreateAndSetChildDomain (1ms)
		EndReloadAssembly (606ms)
			LoadAssemblies (90ms)
			RebuildTransferFunctionScriptingTraits (0ms)
			SetupTypeCache (191ms)
			ReleaseScriptCaches (0ms)
			RebuildScriptCaches (41ms)
			SetupLoadedEditorAssemblies (208ms)
				LogAssemblyErrors (0ms)
				InitializePlatformSupportModulesInManaged (6ms)
				SetLoadedEditorAssemblies (0ms)
				RefreshPlugins (47ms)
				BeforeProcessingInitializeOnLoad (18ms)
				ProcessInitializeOnLoadAttributes (100ms)
				ProcessInitializeOnLoadMethodAttributes (36ms)
				AfterProcessingInitializeOnLoad (0ms)
				EditorAssembliesLoaded (0ms)
			ExecutionOrderSort2 (0ms)
			AwakeInstancesAfterBackupRestoration (0ms)
Platform modules already initialized, skipping
Registering precompiled user dll's ...
Registered in 0.007038 seconds.
Begin MonoManager ReloadAssembly
Native extension for WindowsStandalone target not found
Refreshing native plugins compatible for Editor in 0.45 ms, found 2 plugins.
Preloading 0 native plugins for Editor in 0.00 ms.
Mono: successfully reloaded assembly
- Completed reload, in  1.677 seconds
Domain Reload Profiling:
	ReloadAssembly (1679ms)
		BeginReloadAssembly (284ms)
			ExecutionOrderSort (0ms)
			DisableScriptedObjects (7ms)
			BackupInstance (0ms)
			ReleaseScriptingObjects (0ms)
			CreateAndSetChildDomain (37ms)
		EndReloadAssembly (1278ms)
			LoadAssemblies (223ms)
			RebuildTransferFunctionScriptingTraits (0ms)
			SetupTypeCache (434ms)
			ReleaseScriptCaches (0ms)
			RebuildScriptCaches (60ms)
			SetupLoadedEditorAssemblies (482ms)
				LogAssemblyErrors (0ms)
				InitializePlatformSupportModulesInManaged (6ms)
				SetLoadedEditorAssemblies (1ms)
				RefreshPlugins (1ms)
				BeforeProcessingInitializeOnLoad (122ms)
				ProcessInitializeOnLoadAttributes (310ms)
				ProcessInitializeOnLoadMethodAttributes (22ms)
				AfterProcessingInitializeOnLoad (20ms)
				EditorAssembliesLoaded (0ms)
			ExecutionOrderSort2 (0ms)
			AwakeInstancesAfterBackupRestoration (3ms)
Platform modules already initialized, skipping
========================================================================
Worker process is ready to serve import requests
Launched and connected shader compiler UnityShaderCompiler.exe after 0.07 seconds
Refreshing native plugins compatible for Editor in 0.41 ms, found 2 plugins.
Preloading 0 native plugins for Editor in 0.00 ms.
Unloading 1554 Unused Serialized files (Serialized files now loaded: 0)
System memory in use before: 71.6 MB.
System memory in use after: 71.6 MB.

Unloading 17 unused Assets to reduce memory usage. Loaded Objects now: 1994.
Total: 3.349500 ms (FindLiveObjects: 0.132100 ms CreateObjectMapping: 0.060600 ms MarkObjects: 3.065800 ms  DeleteObjects: 0.089900 ms)

AssetImportParameters requested are different than current active one (requested -> active):
  custom:framework-win-MediaFoundation: 216162199b28c13a410421893ffa2e32 -> 
  custom:video-decoder-ogg-theora: a1e56fd34408186e4bbccfd4996cb3dc -> 
  custom:container-muxer-webm: aa71ff27fc2769a1b78a27578f13a17b -> 
  custom:container-demuxer-webm: 4f35f7cbe854078d1ac9338744f61a02 -> 
  custom:container-demuxer-ogg: 62fdf1f143b41e24485cea50d1cbac27 -> 
  custom:video-encoder-webm-vp8: eb34c28f22e8b96e1ab97ce403110664 -> 
  custom:video-codec-MediaFoundation-h265: 746d11721c4dcdbdad8f713fa42b33f4 -> 
  custom:video-decoder-webm-vp8: 9c59270c3fd7afecdb556c50c9e8de78 -> 
  custom:audio-decoder-ogg-vorbis: bf7c407c2cedff20999df2af8eb42d56 -> 
  custom:audio-encoder-webm-vorbis: bf7c407c2cedff20999df2af8eb42d56 -> 
========================================================================
Received Import Request.
  path: Assets/Materials/OfficeObjectsMat.mat
  artifactKey: Guid(2c8b71261ffc1a9409104190626e9002) Importer(815301076,1909f56bfc062723c751e8b465ee728b)
Start importing Assets/Materials/OfficeObjectsMat.mat using Guid(2c8b71261ffc1a9409104190626e9002) Importer(815301076,1909f56bfc062723c751e8b465ee728b)  -> (artifact id: '5e9562cf1658f6be3fd823d0ba5ff688') in 0.217252 seconds 
========================================================================
Received Import Request.
  Time since last request: 0.000251 seconds.
  path: Assets/Materials/desk2.mat
  artifactKey: Guid(1684c92d207c15f4897b23946f58c178) Importer(815301076,1909f56bfc062723c751e8b465ee728b)
Start importing Assets/Materials/desk2.mat using Guid(1684c92d207c15f4897b23946f58c178) Importer(815301076,1909f56bfc062723c751e8b465ee728b)  -> (artifact id: 'e034353c325ce8e97a2af0f2441e7391') in 0.025960 seconds 
========================================================================
Received Import Request.
  Time since last request: 0.000361 seconds.
  path: Assets/Materials/leaf sprite.png
  artifactKey: Guid(4b178b4b0553bc84bba18fd72af179c1) Importer(815301076,1909f56bfc062723c751e8b465ee728b)
Start importing Assets/Materials/leaf sprite.png using Guid(4b178b4b0553bc84bba18fd72af179c1) Importer(815301076,1909f56bfc062723c751e8b465ee728b)  -> (artifact id: '44a842682d79db8f4e200efc62527e90') in 0.112154 seconds 
========================================================================
Received Import Request.
  Time since last request: 0.000354 seconds.
  path: Assets/Materials/pavement.mat
  artifactKey: Guid(f504322db48fbbb4c95b396a9c70afa8) Importer(815301076,1909f56bfc062723c751e8b465ee728b)
Start importing Assets/Materials/pavement.mat using Guid(f504322db48fbbb4c95b396a9c70afa8) Importer(815301076,1909f56bfc062723c751e8b465ee728b)  -> (artifact id: '3fac3e7895142123d5edefe637357276') in 0.021750 seconds 
========================================================================
Received Import Request.
  Time since last request: 0.000511 seconds.
  path: Assets/Materials/RAG logo.mat
  artifactKey: Guid(7a9f9560099ff004cb6bf7c84027885e) Importer(815301076,1909f56bfc062723c751e8b465ee728b)
Start importing Assets/Materials/RAG logo.mat using Guid(7a9f9560099ff004cb6bf7c84027885e) Importer(815301076,1909f56bfc062723c751e8b465ee728b)  -> (artifact id: '73a55ed840e047dad4f11650cac8a5f9') in 0.023770 seconds 
========================================================================
Received Import Request.
  Time since last request: 0.000524 seconds.
  path: Assets/Materials/Objects.mat
  artifactKey: Guid(c492dc16064fccb43b10700297550b33) Importer(815301076,1909f56bfc062723c751e8b465ee728b)
Start importing Assets/Materials/Objects.mat using Guid(c492dc16064fccb43b10700297550b33) Importer(815301076,1909f56bfc062723c751e8b465ee728b)  -> (artifact id: '1680b71c7e85703bcf43a1aed6a61f30') in 0.019917 seconds 
========================================================================
Received Import Request.
  Time since last request: 0.000439 seconds.
  path: Assets/Materials/Girder.mat
  artifactKey: Guid(309dd5e27ab3fa243858b0007cf1f229) Importer(815301076,1909f56bfc062723c751e8b465ee728b)
Start importing Assets/Materials/Girder.mat using Guid(309dd5e27ab3fa243858b0007cf1f229) Importer(815301076,1909f56bfc062723c751e8b465ee728b)  -> (artifact id: '41f5e9a9abf0e865427cebc7538c7b6c') in 0.022183 seconds 
========================================================================
Received Import Request.
  Time since last request: 0.000299 seconds.
  path: Assets/Materials/desk 1.mat
  artifactKey: Guid(2f10424c853495e4ebbb6fe9c81ab62e) Importer(815301076,1909f56bfc062723c751e8b465ee728b)
Start importing Assets/Materials/desk 1.mat using Guid(2f10424c853495e4ebbb6fe9c81ab62e) Importer(815301076,1909f56bfc062723c751e8b465ee728b)  -> (artifact id: '1dfcf19106b8b33077ed1f2ab3f92712') in 0.021565 seconds 
========================================================================
Received Import Request.
  Time since last request: 19.207941 seconds.
  path: Assets/Materials/shadow.mat
  artifactKey: Guid(747affd30a38bda41a5f4fbfc134c9cb) Importer(815301076,1909f56bfc062723c751e8b465ee728b)
Start importing Assets/Materials/shadow.mat using Guid(747affd30a38bda41a5f4fbfc134c9cb) Importer(815301076,1909f56bfc062723c751e8b465ee728b)  -> (artifact id: '4a4f8058a11886cb735d7ad1098ac59d') in 0.022574 seconds 
========================================================================
Received Import Request.
  Time since last request: 85.845474 seconds.
  path: Assets/Materials/shadow.mat
  artifactKey: Guid(747affd30a38bda41a5f4fbfc134c9cb) Importer(815301076,1909f56bfc062723c751e8b465ee728b)
Start importing Assets/Materials/shadow.mat using Guid(747affd30a38bda41a5f4fbfc134c9cb) Importer(815301076,1909f56bfc062723c751e8b465ee728b)  -> (artifact id: 'ff13a4fd7d568b8ee56a01b7d453644f') in 0.019547 seconds 
========================================================================
Received Import Request.
  Time since last request: 10.456585 seconds.
  path: Assets/Scenes/Level One.unity
  artifactKey: Guid(02bcc5c69cf2ed447a5fb8f72d5a496b) Importer(815301076,1909f56bfc062723c751e8b465ee728b)
Start importing Assets/Scenes/Level One.unity using Guid(02bcc5c69cf2ed447a5fb8f72d5a496b) Importer(815301076,1909f56bfc062723c751e8b465ee728b)  -> (artifact id: '7c54bb94d43c4e636e5f99b71845a29f') in 0.012374 seconds 
========================================================================
Received Import Request.
  Time since last request: 230.227555 seconds.
  path: Assets/Materials/shadow 1.mat
  artifactKey: Guid(9b2316cc438e5684db0ddde6765db8ea) Importer(815301076,1909f56bfc062723c751e8b465ee728b)
Start importing Assets/Materials/shadow 1.mat using Guid(9b2316cc438e5684db0ddde6765db8ea) Importer(815301076,1909f56bfc062723c751e8b465ee728b)  -> (artifact id: '948e4be55b86f1d522c52f6f0dc1c895') in 0.029092 seconds 
========================================================================
Received Prepare
Registering precompiled user dll's ...
Registered in 0.007014 seconds.
Begin MonoManager ReloadAssembly
Native extension for WindowsStandalone target not found
Refreshing native plugins compatible for Editor in 0.95 ms, found 2 plugins.
Preloading 0 native plugins for Editor in 0.00 ms.
Mono: successfully reloaded assembly
- Completed reload, in  1.707 seconds
Domain Reload Profiling:
	ReloadAssembly (1708ms)
		BeginReloadAssembly (185ms)
			ExecutionOrderSort (0ms)
			DisableScriptedObjects (6ms)
			BackupInstance (0ms)
			ReleaseScriptingObjects (0ms)
			CreateAndSetChildDomain (46ms)
		EndReloadAssembly (1433ms)
			LoadAssemblies (163ms)
			RebuildTransferFunctionScriptingTraits (0ms)
			SetupTypeCache (420ms)
			ReleaseScriptCaches (1ms)
			RebuildScriptCaches (65ms)
			SetupLoadedEditorAssemblies (627ms)
				LogAssemblyErrors (0ms)
				InitializePlatformSupportModulesInManaged (11ms)
				SetLoadedEditorAssemblies (1ms)
				RefreshPlugins (1ms)
				BeforeProcessingInitializeOnLoad (177ms)
				ProcessInitializeOnLoadAttributes (372ms)
				ProcessInitializeOnLoadMethodAttributes (39ms)
				AfterProcessingInitializeOnLoad (25ms)
				EditorAssembliesLoaded (0ms)
			ExecutionOrderSort2 (0ms)
			AwakeInstancesAfterBackupRestoration (5ms)
Platform modules already initialized, skipping
Refreshing native plugins compatible for Editor in 0.47 ms, found 2 plugins.
Preloading 0 native plugins for Editor in 0.00 ms.
Unloading 1549 Unused Serialized files (Serialized files now loaded: 0)
System memory in use before: 74.9 MB.
System memory in use after: 74.9 MB.

Unloading 12 unused Assets to reduce memory usage. Loaded Objects now: 2041.
Total: 3.223400 ms (FindLiveObjects: 0.151600 ms CreateObjectMapping: 0.072600 ms MarkObjects: 2.926200 ms  DeleteObjects: 0.072100 ms)

AssetImportParameters requested are different than current active one (requested -> active):
  custom:framework-win-MediaFoundation: 216162199b28c13a410421893ffa2e32 -> 
  custom:video-decoder-ogg-theora: a1e56fd34408186e4bbccfd4996cb3dc -> 
  custom:container-muxer-webm: aa71ff27fc2769a1b78a27578f13a17b -> 
  custom:container-demuxer-webm: 4f35f7cbe854078d1ac9338744f61a02 -> 
  custom:container-demuxer-ogg: 62fdf1f143b41e24485cea50d1cbac27 -> 
  custom:video-encoder-webm-vp8: eb34c28f22e8b96e1ab97ce403110664 -> 
  custom:video-codec-MediaFoundation-h265: 746d11721c4dcdbdad8f713fa42b33f4 -> 
  custom:video-decoder-webm-vp8: 9c59270c3fd7afecdb556c50c9e8de78 -> 
  custom:audio-decoder-ogg-vorbis: bf7c407c2cedff20999df2af8eb42d56 -> 
  custom:audio-encoder-webm-vorbis: bf7c407c2cedff20999df2af8eb42d56 -> 
========================================================================
Received Import Request.
  Time since last request: 246.161345 seconds.
  path: Assets/Materials/shadow.mat
  artifactKey: Guid(747affd30a38bda41a5f4fbfc134c9cb) Importer(815301076,1909f56bfc062723c751e8b465ee728b)
Start importing Assets/Materials/shadow.mat using Guid(747affd30a38bda41a5f4fbfc134c9cb) Importer(815301076,1909f56bfc062723c751e8b465ee728b)  -> (artifact id: '4bab51654bb7fb9e53851413f955a24a') in 0.100462 seconds 
========================================================================
Received Import Request.
  Time since last request: 0.000354 seconds.
  path: Assets/Materials/shadow 1.mat
  artifactKey: Guid(9b2316cc438e5684db0ddde6765db8ea) Importer(815301076,1909f56bfc062723c751e8b465ee728b)
Start importing Assets/Materials/shadow 1.mat using Guid(9b2316cc438e5684db0ddde6765db8ea) Importer(815301076,1909f56bfc062723c751e8b465ee728b)  -> (artifact id: '8bb0f0ac87dc17ceb604451c7e275f79') in 0.023735 seconds 
========================================================================
Received Import Request.
  Time since last request: 20.239336 seconds.
  path: Assets/Scenes/Level Two.unity
  artifactKey: Guid(412fc68b70443ec4ab43d0dcb0902541) Importer(815301076,1909f56bfc062723c751e8b465ee728b)
Start importing Assets/Scenes/Level Two.unity using Guid(412fc68b70443ec4ab43d0dcb0902541) Importer(815301076,1909f56bfc062723c751e8b465ee728b)  -> (artifact id: '8bdca85840fe69dd3cc02e90c93a83bf') in 0.005978 seconds 
========================================================================
Received Import Request.
  Time since last request: 12.817123 seconds.
  path: Assets/Materials/Black.mat
  artifactKey: Guid(a4fef79b7c3b1314da67290b3432289c) Importer(815301076,1909f56bfc062723c751e8b465ee728b)
Start importing Assets/Materials/Black.mat using Guid(a4fef79b7c3b1314da67290b3432289c) Importer(815301076,1909f56bfc062723c751e8b465ee728b)  -> (artifact id: '6545705932c591d2602144b20347abd1') in 0.022402 seconds 
========================================================================
Received Import Request.
  Time since last request: 55.825562 seconds.
  path: Assets/Scenes/Level One.unity
  artifactKey: Guid(02bcc5c69cf2ed447a5fb8f72d5a496b) Importer(815301076,1909f56bfc062723c751e8b465ee728b)
Start importing Assets/Scenes/Level One.unity using Guid(02bcc5c69cf2ed447a5fb8f72d5a496b) Importer(815301076,1909f56bfc062723c751e8b465ee728b)  -> (artifact id: 'c5579dbf2b94f690d721ace715505541') in 0.007598 seconds 
========================================================================
Received Import Request.
  Time since last request: 402.672654 seconds.
  path: Assets/Audio/golf land.mp3
  artifactKey: Guid(df13bd79f76881a44b79bb12a078ea68) Importer(815301076,1909f56bfc062723c751e8b465ee728b)
Start importing Assets/Audio/golf land.mp3 using Guid(df13bd79f76881a44b79bb12a078ea68) Importer(815301076,1909f56bfc062723c751e8b465ee728b)  -> (artifact id: '135654a98566b3dda1728c7dfe7c5311') in 0.046713 seconds 
========================================================================
Received Import Request.
  Time since last request: 0.000329 seconds.
  path: Assets/Audio/splash.mp3
  artifactKey: Guid(92c5af9992f878d468acf44cfecf4921) Importer(815301076,1909f56bfc062723c751e8b465ee728b)
Start importing Assets/Audio/splash.mp3 using Guid(92c5af9992f878d468acf44cfecf4921) Importer(815301076,1909f56bfc062723c751e8b465ee728b)  -> (artifact id: 'dc6758c6149fd9b0738c1133f01655d5') in 0.017789 seconds 
========================================================================
Received Import Request.
  Time since last request: 0.000538 seconds.
  path: Assets/Audio/sand.mp3
  artifactKey: Guid(c0a2ccf59ab4b9c42a926fa357d06579) Importer(815301076,1909f56bfc062723c751e8b465ee728b)
Start importing Assets/Audio/sand.mp3 using Guid(c0a2ccf59ab4b9c42a926fa357d06579) Importer(815301076,1909f56bfc062723c751e8b465ee728b)  -> (artifact id: 'df6d6008685e23b0e4018d1dc8b0b0d4') in 0.019685 seconds 
AssetImportWorkerClient::OnTransportError - code=2 error=End of file
