Using pre-set license
Built from '2020.3/staging' branch; Version is '2020.3.38f1 (8f5fde82e2dc) revision 9396190'; Using compiler version '192528614'; Build Type 'Release'
OS: 'Windows 11  (10.0.22621) 64bit Core' Language: 'en' Physical Memory: 16187 MB
BatchMode: 1, IsHumanControllingUs: 0, StartBugReporterOnCrash: 0, Is64bit: 1, IsPro: 0

COMMAND LINE ARGUMENTS:
C:\Program Files\Unity\Hub\Editor\2020.3.38f1\Editor\Unity.exe
-adb2
-batchMode
-noUpm
-name
AssetImportWorker0
-projectPath
C:/Users/crazy/Documents/GitHub/CAGD-377/Ready, Aim, GOLF
-logFile
Logs/AssetImportWorker0.log
-srvPort
50692
Successfully changed project path to: C:/Users/crazy/Documents/GitHub/CAGD-377/Ready, Aim, GOLF
C:/Users/crazy/Documents/GitHub/CAGD-377/Ready, Aim, GOLF
Using Asset Import Pipeline V2.
Refreshing native plugins compatible for Editor in 55.54 ms, found 2 plugins.
Preloading 0 native plugins for Editor in 0.00 ms.
Initialize engine version: 2020.3.38f1 (8f5fde82e2dc)
[Subsystems] Discovering subsystems at path C:/Program Files/Unity/Hub/Editor/2020.3.38f1/Editor/Data/Resources/UnitySubsystems
[Subsystems] Discovering subsystems at path C:/Users/crazy/Documents/GitHub/CAGD-377/Ready, Aim, GOLF/Assets
GfxDevice: creating device client; threaded=0
Direct3D:
    Version:  Direct3D 11.0 [level 11.1]
    Renderer: NVIDIA GeForce RTX 2070 with Max-Q Design (ID=0x1f10)
    Vendor:   
    VRAM:     8031 MB
    Driver:   31.0.15.1659
Initialize mono
Mono path[0] = 'C:/Program Files/Unity/Hub/Editor/2020.3.38f1/Editor/Data/Managed'
Mono path[1] = 'C:/Program Files/Unity/Hub/Editor/2020.3.38f1/Editor/Data/MonoBleedingEdge/lib/mono/unityjit'
Mono config path = 'C:/Program Files/Unity/Hub/Editor/2020.3.38f1/Editor/Data/MonoBleedingEdge/etc'
Using monoOptions --debugger-agent=transport=dt_socket,embedding=1,server=y,suspend=n,address=127.0.0.1:56924
Begin MonoManager ReloadAssembly
Registering precompiled unity dll's ...
Register platform support module: C:/Program Files/Unity/Hub/Editor/2020.3.38f1/Editor/Data/PlaybackEngines/WindowsStandaloneSupport/UnityEditor.WindowsStandalone.Extensions.dll
Registered in 0.117164 seconds.
Native extension for WindowsStandalone target not found
Refreshing native plugins compatible for Editor in 70.30 ms, found 2 plugins.
Preloading 0 native plugins for Editor in 0.00 ms.
Mono: successfully reloaded assembly
- Completed reload, in  5.941 seconds
Domain Reload Profiling:
	ReloadAssembly (5941ms)
		BeginReloadAssembly (4407ms)
			ExecutionOrderSort (0ms)
			DisableScriptedObjects (0ms)
			BackupInstance (0ms)
			ReleaseScriptingObjects (0ms)
			CreateAndSetChildDomain (1ms)
		EndReloadAssembly (1126ms)
			LoadAssemblies (4411ms)
			RebuildTransferFunctionScriptingTraits (0ms)
			SetupTypeCache (666ms)
			ReleaseScriptCaches (0ms)
			RebuildScriptCaches (39ms)
			SetupLoadedEditorAssemblies (235ms)
				LogAssemblyErrors (0ms)
				InitializePlatformSupportModulesInManaged (6ms)
				SetLoadedEditorAssemblies (1ms)
				RefreshPlugins (70ms)
				BeforeProcessingInitializeOnLoad (25ms)
				ProcessInitializeOnLoadAttributes (96ms)
				ProcessInitializeOnLoadMethodAttributes (37ms)
				AfterProcessingInitializeOnLoad (0ms)
				EditorAssembliesLoaded (0ms)
			ExecutionOrderSort2 (0ms)
			AwakeInstancesAfterBackupRestoration (0ms)
Platform modules already initialized, skipping
Registering precompiled user dll's ...
Registered in 0.003639 seconds.
Begin MonoManager ReloadAssembly
Native extension for WindowsStandalone target not found
Refreshing native plugins compatible for Editor in 51.47 ms, found 2 plugins.
Preloading 0 native plugins for Editor in 0.00 ms.
Mono: successfully reloaded assembly
- Completed reload, in  6.597 seconds
Domain Reload Profiling:
	ReloadAssembly (6602ms)
		BeginReloadAssembly (214ms)
			ExecutionOrderSort (0ms)
			DisableScriptedObjects (7ms)
			BackupInstance (0ms)
			ReleaseScriptingObjects (0ms)
			CreateAndSetChildDomain (29ms)
		EndReloadAssembly (6305ms)
			LoadAssemblies (3563ms)
			RebuildTransferFunctionScriptingTraits (0ms)
			SetupTypeCache (1136ms)
			ReleaseScriptCaches (0ms)
			RebuildScriptCaches (51ms)
			SetupLoadedEditorAssemblies (1459ms)
				LogAssemblyErrors (0ms)
				InitializePlatformSupportModulesInManaged (3ms)
				SetLoadedEditorAssemblies (0ms)
				RefreshPlugins (52ms)
				BeforeProcessingInitializeOnLoad (98ms)
				ProcessInitializeOnLoadAttributes (461ms)
				ProcessInitializeOnLoadMethodAttributes (838ms)
				AfterProcessingInitializeOnLoad (6ms)
				EditorAssembliesLoaded (0ms)
			ExecutionOrderSort2 (0ms)
			AwakeInstancesAfterBackupRestoration (2ms)
Platform modules already initialized, skipping
========================================================================
Worker process is ready to serve import requests
Launched and connected shader compiler UnityShaderCompiler.exe after 0.08 seconds
Refreshing native plugins compatible for Editor in 0.54 ms, found 2 plugins.
Preloading 0 native plugins for Editor in 0.00 ms.
Unloading 2829 Unused Serialized files (Serialized files now loaded: 0)
System memory in use before: 127.8 MB.
System memory in use after: 128.0 MB.

Unloading 17 unused Assets to reduce memory usage. Loaded Objects now: 3264.
Total: 3.477900 ms (FindLiveObjects: 0.335300 ms CreateObjectMapping: 0.202400 ms MarkObjects: 2.863000 ms  DeleteObjects: 0.076100 ms)

AssetImportParameters requested are different than current active one (requested -> active):
  custom:framework-win-MediaFoundation: 216162199b28c13a410421893ffa2e32 -> 
  custom:video-decoder-ogg-theora: a1e56fd34408186e4bbccfd4996cb3dc -> 
  custom:container-muxer-webm: aa71ff27fc2769a1b78a27578f13a17b -> 
  custom:container-demuxer-webm: 4f35f7cbe854078d1ac9338744f61a02 -> 
  custom:container-demuxer-ogg: 62fdf1f143b41e24485cea50d1cbac27 -> 
  custom:video-encoder-webm-vp8: eb34c28f22e8b96e1ab97ce403110664 -> 
  custom:video-decoder-webm-vp8: 9c59270c3fd7afecdb556c50c9e8de78 -> 
  custom:audio-decoder-ogg-vorbis: bf7c407c2cedff20999df2af8eb42d56 -> 
  custom:audio-encoder-webm-vorbis: bf7c407c2cedff20999df2af8eb42d56 -> 
========================================================================
Received Import Request.
  path: Assets/Presets/PlaceholderObstacles/bench body.prefab
  artifactKey: Guid(da1cbb99e2e796a48a92940be25aab52) Importer(815301076,1909f56bfc062723c751e8b465ee728b)
Start importing Assets/Presets/PlaceholderObstacles/bench body.prefab using Guid(da1cbb99e2e796a48a92940be25aab52) Importer(815301076,1909f56bfc062723c751e8b465ee728b)  -> (artifact id: '733017f50cb78a922b0a95f8af115a8c') in 0.281808 seconds 
========================================================================
Received Import Request.
  Time since last request: 5.644271 seconds.
  path: Assets/Presets/PlaceholderObstacles/bench body.prefab
  artifactKey: Guid(da1cbb99e2e796a48a92940be25aab52) Importer(815301076,1909f56bfc062723c751e8b465ee728b)
Start importing Assets/Presets/PlaceholderObstacles/bench body.prefab using Guid(da1cbb99e2e796a48a92940be25aab52) Importer(815301076,1909f56bfc062723c751e8b465ee728b)  -> (artifact id: 'df1f9ebfb4820a3843923cd0dd1a04c2') in 0.012525 seconds 
========================================================================
Received Import Request.
  Time since last request: 13.851229 seconds.
  path: Assets/Presets/PlaceholderObstacles/Bus.prefab
  artifactKey: Guid(a460c69ababa59c4daf6dcda67920421) Importer(815301076,1909f56bfc062723c751e8b465ee728b)
Start importing Assets/Presets/PlaceholderObstacles/Bus.prefab using Guid(a460c69ababa59c4daf6dcda67920421) Importer(815301076,1909f56bfc062723c751e8b465ee728b)  -> (artifact id: '4f72f82d889b8348e1e81bf8a4ad1695') in 0.017856 seconds 
========================================================================
Received Import Request.
  Time since last request: 3.057745 seconds.
  path: Assets/Presets/PlaceholderObstacles/Car.prefab
  artifactKey: Guid(266ef152b05ac8a4698fb573c136250d) Importer(815301076,1909f56bfc062723c751e8b465ee728b)
Start importing Assets/Presets/PlaceholderObstacles/Car.prefab using Guid(266ef152b05ac8a4698fb573c136250d) Importer(815301076,1909f56bfc062723c751e8b465ee728b)  -> (artifact id: '97e1499483cd87ce020b79c62e774dcb') in 0.019937 seconds 
========================================================================
Received Import Request.
  Time since last request: 7.418524 seconds.
  path: Assets/Presets/PlaceholderObstacles/Traffic Light.prefab
  artifactKey: Guid(765b93e8bbd036041832865a10c762b1) Importer(815301076,1909f56bfc062723c751e8b465ee728b)
Start importing Assets/Presets/PlaceholderObstacles/Traffic Light.prefab using Guid(765b93e8bbd036041832865a10c762b1) Importer(815301076,1909f56bfc062723c751e8b465ee728b)  -> (artifact id: '41fae823a867023cf5eb3495b3b47517') in 0.019321 seconds 
========================================================================
Received Import Request.
  Time since last request: 7.166502 seconds.
  path: Assets/Presets/PlaceholderObstacles/Tree.prefab
  artifactKey: Guid(aa99be497f695164d9a27b167de70f8e) Importer(815301076,1909f56bfc062723c751e8b465ee728b)
Start importing Assets/Presets/PlaceholderObstacles/Tree.prefab using Guid(aa99be497f695164d9a27b167de70f8e) Importer(815301076,1909f56bfc062723c751e8b465ee728b)  -> (artifact id: 'b54c075eb5a38541a66ff597d583d1ba') in 0.016844 seconds 
AssetImportWorkerClient::OnTransportError - code=2 error=End of file
